<?xml version="1.0" encoding="utf-8"?><testsuites name="pytest tests"><testsuite name="pytest" errors="0" failures="0" skipped="0" tests="11" time="3.400" timestamp="2026-08-25T13:44:30.841382+00:00" hostname="agent-env-d2921ae5-745a-4af9-af80-429f8c449732"><testcase classname="tests.test_iter6_deploy_fixes.TestRegressionSmoke" name="test_401_on_protected_routes_no_token" time="1.012" /><testcase classname="tests.test_iter6_deploy_fixes.TestFix1EnvFile" name="test_frontend_env_metro_cache_root_quoted" time="0.001" /><testcase classname="tests.test_iter6_deploy_fixes.TestFix1EnvFile" name="test_backend_root_healthy" time="0.264" /><testcase classname="tests.test_iter6_deploy_fixes.TestFix2EmergentAuthUrl" name="test_env_file_contains_key" time="0.000" /><testcase classname="tests.test_iter6_deploy_fixes.TestFix2EmergentAuthUrl" name="test_invalid_session_returns_401" time="0.407" /><testcase classname="tests.test_iter6_deploy_fixes.TestFix3Progress" name="test_progress_returns_7_days_with_correct_aggregation" time="0.097" /><testcase classname="tests.test_iter6_deploy_fixes.TestFix4DeleteAccount" name="test_delete_account_wipes_everything" time="0.227" /><testcase classname="tests.test_iter6_deploy_fixes.TestRegressionSmoke" name="test_happy_path_profile_meal_summary_progress_delete" time="0.478" /><testcase classname="tests.test_iter6_deploy_fixes.TestRegressionSmoke" name="test_scoping_user_a_cannot_delete_user_b_meal" time="0.287" /><testcase classname="tests.test_iter6_deploy_fixes.TestRegressionSmoke" name="test_8mb_payload_cap_on_scan" time="0.501" /><testcase classname="tests.test_iter6_deploy_fixes.TestRegressionSmoke" name="test_rate_limit_still_configured_on_scan" time="0.608" /></testsuite></testsuites>