<?xml version="1.0" encoding="utf-8"?><testsuites name="pytest tests"><testsuite name="pytest" errors="0" failures="0" skipped="0" tests="4" time="1.605" timestamp="2026-08-25T13:49:54.581040+00:00" hostname="agent-env-d2921ae5-745a-4af9-af80-429f8c449732"><testcase classname="tests.test_iter7_smoke" name="test_root_returns_nutriscan_message" time="0.293" /><testcase classname="tests.test_iter7_smoke" name="test_auth_session_invalid_returns_401" time="0.328" /><testcase classname="tests.test_iter7_smoke" name="test_profile_without_token_401" time="0.078" /><testcase classname="tests.test_iter7_smoke" name="test_auth_me_with_seeded_session" time="0.156" /></testsuite></testsuites>