<?xml version="1.0" encoding="utf-8"?><testsuites name="pytest tests"><testsuite name="pytest" errors="0" failures="0" skipped="0" tests="25" time="11.950" timestamp="2026-08-25T13:34:26.274616+00:00" hostname="agent-env-d2921ae5-745a-4af9-af80-429f8c449732"><testcase classname="tests.test_security_hardening.TestAuthExchange" name="test_session_invalid_id_401" time="0.511" /><testcase classname="tests.test_security_hardening.TestAuthGate" name="test_get_no_auth_returns_401[/profile]" time="0.269" /><testcase classname="tests.test_security_hardening.TestAuthGate" name="test_get_no_auth_returns_401[/meals]" time="0.115" /><testcase classname="tests.test_security_hardening.TestAuthGate" name="test_get_no_auth_returns_401[/meals/summary]" time="0.187" /><testcase classname="tests.test_security_hardening.TestAuthExchange" name="test_auth_me_with_seeded_session" time="0.084" /><testcase classname="tests.test_security_hardening.TestAuthGate" name="test_get_no_auth_returns_401[/progress]" time="0.073" /><testcase classname="tests.test_security_hardening.TestPayloadCap" name="test_scan_over_8mb_returns_413" time="0.315" /><testcase classname="tests.test_security_hardening.TestAuthGate" name="test_get_no_auth_returns_401[/mealplan]" time="0.113" /><testcase classname="tests.test_security_hardening.TestAuthGate" name="test_get_no_auth_returns_401[/auth/me]" time="0.085" /><testcase classname="tests.test_security_hardening.TestAuthGate" name="test_post_no_auth_returns_401[/profile]" time="0.107" /><testcase classname="tests.test_security_hardening.TestPayloadCap" name="test_scan_empty_returns_413" time="0.076" /><testcase classname="tests.test_security_hardening.TestAuthGate" name="test_post_no_auth_returns_401[/meals]" time="0.081" /><testcase classname="tests.test_security_hardening.TestErrorSanitization" name="test_malformed_body_no_leak" time="0.117" /><testcase classname="tests.test_security_hardening.TestAuthGate" name="test_post_no_auth_returns_401[/meals/scan]" time="0.104" /><testcase classname="tests.test_security_hardening.TestErrorSanitization" name="test_validation_error_no_leak" time="0.078" /><testcase classname="tests.test_security_hardening.TestAuthGate" name="test_post_no_auth_returns_401[/mealplan/generate]" time="0.092" /><testcase classname="tests.test_security_hardening.TestUserScoping" name="test_isolation_flow" time="0.552" /><testcase classname="tests.test_security_hardening.TestAuthGate" name="test_put_profile_no_auth" time="0.111" /><testcase classname="tests.test_security_hardening.TestAuthGate" name="test_delete_meal_no_auth" time="0.069" /><testcase classname="tests.test_security_hardening.TestAuthGate" name="test_random_invalid_bearer_401" time="0.102" /><testcase classname="tests.test_security_hardening.TestAuthGate" name="test_root_public" time="0.099" /><testcase classname="tests.test_security_hardening.TestRateLimit" name="test_scan_rate_limit_30_per_hour" time="8.810" /><testcase classname="tests.test_security_hardening.TestInjectionSafety" name="test_user_id_in_body_ignored" time="0.185" /><testcase classname="tests.test_security_hardening.TestProfileInvalidation" name="test_put_profile_invalidates_plan" time="0.277" /><testcase classname="tests.test_security_hardening.TestRegression" name="test_happy_path" time="0.627" /></testsuite></testsuites>