<?xml version="1.0" encoding="utf-8"?><testsuites name="pytest tests"><testsuite name="pytest" errors="0" failures="0" skipped="1" tests="10" time="98.511" timestamp="2026-08-25T11:37:07.511509+00:00" hostname="agent-env-d2921ae5-745a-4af9-af80-429f8c449732"><testcase classname="tests.test_iteration2.TestRegression" name="test_get_profile" time="0.238" /><testcase classname="tests.test_iteration2.TestRegression" name="test_create_and_list_meals" time="0.380" /><testcase classname="tests.test_iteration2.TestRegression" name="test_progress" time="0.098" /><testcase classname="tests.test_iteration2.TestMealPlan" name="test_generate_plan_first_time" time="81.049" /><testcase classname="tests.test_iteration2.TestMealPlan" name="test_seasonal_ingredients" time="0.000" /><testcase classname="tests.test_iteration2.TestMealPlan" name="test_generate_without_force_returns_cache_fast" time="0.085" /><testcase classname="tests.test_iteration2.TestMealPlan" name="test_get_plan_auto_refresh_returns_cache_when_current" time="0.081" /><testcase classname="tests.test_iteration2.TestMealPlan" name="test_auto_refresh_regenerates_when_stale" time="0.000"><skipped type="pytest.skip" message="Cannot age plan without direct DB access; behavior covered by code review">/app/backend/tests/test_iteration2.py:180: Cannot age plan without direct DB access; behavior covered by code review</skipped></testcase><testcase classname="tests.test_iteration2.TestCacheInvalidation" name="test_put_profile_invalidates_plan" time="0.263" /><testcase classname="tests.test_iteration2.TestMealScan" name="test_scan_returns_consistent_macros" time="16.242" /></testsuite></testsuites>