<?xml version="1.0" encoding="utf-8"?><testsuites name="pytest tests"><testsuite name="pytest" errors="0" failures="0" skipped="0" tests="7" time="67.396" timestamp="2026-08-25T11:45:22.566330+00:00" hostname="agent-env-d2921ae5-745a-4af9-af80-429f8c449732"><testcase classname="tests.test_iter3_smoke.TestSmoke" name="test_profile_get" time="0.349" /><testcase classname="tests.test_iter3_smoke.TestSmoke" name="test_meal_crud_and_summary" time="0.378" /><testcase classname="tests.test_iter3_smoke.TestSmoke" name="test_progress" time="0.078" /><testcase classname="tests.test_iter3_smoke.TestSmoke" name="test_mealplan_no_refresh_404_when_absent" time="0.107" /><testcase classname="tests.test_iter3_smoke.TestSmoke" name="test_mealplan_generate_polling_fallback" time="65.721" /><testcase classname="tests.test_iter3_smoke.TestSmoke" name="test_generate_force_false_cache_hit" time="0.231" /><testcase classname="tests.test_iter3_smoke.TestSmoke" name="test_put_profile_invalidates_plan" time="0.196" /></testsuite></testsuites>