<?xml version="1.0" encoding="utf-8"?><testsuites name="pytest tests"><testsuite name="pytest" errors="0" failures="1" skipped="0" tests="13" time="19.571" timestamp="2026-08-25T03:43:29.246548+00:00" hostname="agent-env-d2921ae5-745a-4af9-af80-429f8c449732"><testcase classname="tests.backend_test.TestMeals" name="test_create_meal" time="0.401" /><testcase classname="tests.backend_test.TestProfile" name="test_create_profile_computes_targets" time="0.259" /><testcase classname="tests.backend_test.TestProfile" name="test_get_profile" time="0.136" /><testcase classname="tests.backend_test.TestProfile" name="test_get_profile_not_found" time="0.025" /><testcase classname="tests.backend_test.TestMeals" name="test_list_meals" time="0.066" /><testcase classname="tests.backend_test.TestProfile" name="test_update_profile_recomputes" time="0.088" /><testcase classname="tests.backend_test.TestMeals" name="test_meals_summary" time="0.058" /><testcase classname="tests.backend_test.TestAIMealPlan" name="test_generate_plan" time="18.664" /><testcase classname="tests.backend_test.TestMeals" name="test_progress_7_days" time="0.115" /><testcase classname="tests.backend_test.TestMeals" name="test_delete_meal" time="0.025" /><testcase classname="tests.backend_test.TestAIScan" name="test_scan_meal_real_image" time="4.758"><failure message="AssertionError: {&quot;detail&quot;:&quot;AI analysis failed: Failed to generate chat completion: litellm.RateLimitError: RateLimitError: OpenAIException - Error code: 429 - {'error': 'concurrent_request_limit', 'message': 'Unlock parallel requests by upgrading to Standard or Pro plan.', 'code': 'CONCURRENCY_REQUEST_LIMIT'}&quot;}&#10;assert 500 == 200&#10; +  where 500 = &lt;Response [500]&gt;.status_code">backend/tests/backend_test.py:165: in test_scan_meal_real_image
    assert r.status_code == 200, r.text
E   AssertionError: {"detail":"AI analysis failed: Failed to generate chat completion: litellm.RateLimitError: RateLimitError: OpenAIException - Error code: 429 - {'error': 'concurrent_request_limit', 'message': 'Unlock parallel requests by upgrading to Standard or Pro plan.', 'code': 'CONCURRENCY_REQUEST_LIMIT'}"}
E   assert 500 == 200
E    +  where 500 = &lt;Response [500]&gt;.status_code</failure></testcase><testcase classname="tests.backend_test.TestAIMealPlan" name="test_get_plan" time="0.029" /><testcase classname="tests.backend_test" name="test_root" time="0.065" /></testsuite></testsuites>